[2015-09-07 09:26:58] local.ERROR: exception 'RuntimeException' with message 'No supported encrypter found. The cipher and / or key length are invalid.' in /home/andrey/Documents/www/support.loc/support/vendor/laravel/framework/src/Illuminate/Encryption/EncryptionServiceProvider.php:29
Stack trace:
#0 /home/andrey/Documents/www/support.loc/support/vendor/laravel/framework/src/Illuminate/Container/Container.php(733): Illuminate\Encryption\EncryptionServiceProvider->Illuminate\Encryption\{closure}(Object(Illuminate\Foundation\Application), Array)
#1 /home/andrey/Documents/www/support.loc/support/vendor/laravel/framework/src/Illuminate/Container/Container.php(626): Illuminate\Container\Container->build(Object(Closure), Array)
#2 /home/andrey/Documents/www/support.loc/support/vendor/laravel/framework/src/Illuminate/Foundation/Application.php(674): Illuminate\Container\Container->make('encrypter', Array)
#3 /home/andrey/Documents/www/support.loc/support/vendor/laravel/framework/src/Illuminate/Container/Container.php(837): Illuminate\Foundation\Application->make('Illuminate\\Cont...')
#4 /home/andrey/Documents/www/support.loc/support/vendor/laravel/framework/src/Illuminate/Container/Container.php(800): Illuminate\Container\Container->resolveClass(Object(ReflectionParameter))
#5 /home/andrey/Documents/www/support.loc/support/vendor/laravel/framework/src/Illuminate/Container/Container.php(771): Illuminate\Container\Container->getDependencies(Array, Array)
#6 /home/andrey/Documents/www/support.loc/support/vendor/laravel/framework/src/Illuminate/Container/Container.php(626): Illuminate\Container\Container->build('App\\Http\\Middle...', Array)
#7 /home/andrey/Documents/www/support.loc/support/vendor/laravel/framework/src/Illuminate/Foundation/Application.php(674): Illuminate\Container\Container->make('App\\Http\\Middle...', Array)
#8 /home/andrey/Documents/www/support.loc/support/vendor/laravel/framework/src/Illuminate/Pipeline/Pipeline.php(123): Illuminate\Foundation\Application->make('App\\Http\\Middle...')
#9 /home/andrey/Documents/www/support.loc/support/vendor/laravel/framework/src/Illuminate/Foundation/Http/Middleware/CheckForMaintenanceMode.php(42): Illuminate\Pipeline\Pipeline->Illuminate\Pipeline\{closure}(Object(Illuminate\Http\Request))
#10 [internal function]: Illuminate\Foundation\Http\Middleware\CheckForMaintenanceMode->handle(Object(Illuminate\Http\Request), Object(Closure))
#11 /home/andrey/Documents/www/support.loc/support/vendor/laravel/framework/src/Illuminate/Pipeline/Pipeline.php(124): call_user_func_array(Array, Array)
#12 [internal function]: Illuminate\Pipeline\Pipeline->Illuminate\Pipeline\{closure}(Object(Illuminate\Http\Request))
#13 /home/andrey/Documents/www/support.loc/support/vendor/laravel/framework/src/Illuminate/Pipeline/Pipeline.php(103): call_user_func(Object(Closure), Object(Illuminate\Http\Request))
#14 /home/andrey/Documents/www/support.loc/support/vendor/laravel/framework/src/Illuminate/Foundation/Http/Kernel.php(122): Illuminate\Pipeline\Pipeline->then(Object(Closure))
#15 /home/andrey/Documents/www/support.loc/support/vendor/laravel/framework/src/Illuminate/Foundation/Http/Kernel.php(87): Illuminate\Foundation\Http\Kernel->sendRequestThroughRouter(Object(Illuminate\Http\Request))
#16 /home/andrey/Documents/www/support.loc/support/public/index.php(57): Illuminate\Foundation\Http\Kernel->handle(Object(Illuminate\Http\Request))
#17 {main}  
[2015-09-07 09:27:42] local.ERROR: exception 'RuntimeException' with message 'No supported encrypter found. The cipher and / or key length are invalid.' in /home/andrey/Documents/www/support.loc/support/vendor/laravel/framework/src/Illuminate/Encryption/EncryptionServiceProvider.php:29
Stack trace:
#0 /home/andrey/Documents/www/support.loc/support/vendor/laravel/framework/src/Illuminate/Container/Container.php(733): Illuminate\Encryption\EncryptionServiceProvider->Illuminate\Encryption\{closure}(Object(Illuminate\Foundation\Application), Array)
#1 /home/andrey/Documents/www/support.loc/support/vendor/laravel/framework/src/Illuminate/Container/Container.php(626): Illuminate\Container\Container->build(Object(Closure), Array)
#2 /home/andrey/Documents/www/support.loc/support/vendor/laravel/framework/src/Illuminate/Foundation/Application.php(674): Illuminate\Container\Container->make('encrypter', Array)
#3 /home/andrey/Documents/www/support.loc/support/vendor/laravel/framework/src/Illuminate/Container/Container.php(837): Illuminate\Foundation\Application->make('Illuminate\\Cont...')
#4 /home/andrey/Documents/www/support.loc/support/vendor/laravel/framework/src/Illuminate/Container/Container.php(800): Illuminate\Container\Container->resolveClass(Object(ReflectionParameter))
#5 /home/andrey/Documents/www/support.loc/support/vendor/laravel/framework/src/Illuminate/Container/Container.php(771): Illuminate\Container\Container->getDependencies(Array, Array)
#6 /home/andrey/Documents/www/support.loc/support/vendor/laravel/framework/src/Illuminate/Container/Container.php(626): Illuminate\Container\Container->build('App\\Http\\Middle...', Array)
#7 /home/andrey/Documents/www/support.loc/support/vendor/laravel/framework/src/Illuminate/Foundation/Application.php(674): Illuminate\Container\Container->make('App\\Http\\Middle...', Array)
#8 /home/andrey/Documents/www/support.loc/support/vendor/laravel/framework/src/Illuminate/Pipeline/Pipeline.php(123): Illuminate\Foundation\Application->make('App\\Http\\Middle...')
#9 /home/andrey/Documents/www/support.loc/support/vendor/laravel/framework/src/Illuminate/Foundation/Http/Middleware/CheckForMaintenanceMode.php(42): Illuminate\Pipeline\Pipeline->Illuminate\Pipeline\{closure}(Object(Illuminate\Http\Request))
#10 [internal function]: Illuminate\Foundation\Http\Middleware\CheckForMaintenanceMode->handle(Object(Illuminate\Http\Request), Object(Closure))
#11 /home/andrey/Documents/www/support.loc/support/vendor/laravel/framework/src/Illuminate/Pipeline/Pipeline.php(124): call_user_func_array(Array, Array)
#12 [internal function]: Illuminate\Pipeline\Pipeline->Illuminate\Pipeline\{closure}(Object(Illuminate\Http\Request))
#13 /home/andrey/Documents/www/support.loc/support/vendor/laravel/framework/src/Illuminate/Pipeline/Pipeline.php(103): call_user_func(Object(Closure), Object(Illuminate\Http\Request))
#14 /home/andrey/Documents/www/support.loc/support/vendor/laravel/framework/src/Illuminate/Foundation/Http/Kernel.php(122): Illuminate\Pipeline\Pipeline->then(Object(Closure))
#15 /home/andrey/Documents/www/support.loc/support/vendor/laravel/framework/src/Illuminate/Foundation/Http/Kernel.php(87): Illuminate\Foundation\Http\Kernel->sendRequestThroughRouter(Object(Illuminate\Http\Request))
#16 /home/andrey/Documents/www/support.loc/support/public/index.php(57): Illuminate\Foundation\Http\Kernel->handle(Object(Illuminate\Http\Request))
#17 {main}  
[2015-09-07 09:27:42] local.ERROR: exception 'RuntimeException' with message 'No supported encrypter found. The cipher and / or key length are invalid.' in /home/andrey/Documents/www/support.loc/support/vendor/laravel/framework/src/Illuminate/Encryption/EncryptionServiceProvider.php:29
Stack trace:
#0 /home/andrey/Documents/www/support.loc/support/vendor/laravel/framework/src/Illuminate/Container/Container.php(733): Illuminate\Encryption\EncryptionServiceProvider->Illuminate\Encryption\{closure}(Object(Illuminate\Foundation\Application), Array)
#1 /home/andrey/Documents/www/support.loc/support/vendor/laravel/framework/src/Illuminate/Container/Container.php(626): Illuminate\Container\Container->build(Object(Closure), Array)
#2 /home/andrey/Documents/www/support.loc/support/vendor/laravel/framework/src/Illuminate/Foundation/Application.php(674): Illuminate\Container\Container->make('encrypter', Array)
#3 /home/andrey/Documents/www/support.loc/support/vendor/laravel/framework/src/Illuminate/Container/Container.php(837): Illuminate\Foundation\Application->make('Illuminate\\Cont...')
#4 /home/andrey/Documents/www/support.loc/support/vendor/laravel/framework/src/Illuminate/Container/Container.php(800): Illuminate\Container\Container->resolveClass(Object(ReflectionParameter))
#5 /home/andrey/Documents/www/support.loc/support/vendor/laravel/framework/src/Illuminate/Container/Container.php(771): Illuminate\Container\Container->getDependencies(Array, Array)
#6 /home/andrey/Documents/www/support.loc/support/vendor/laravel/framework/src/Illuminate/Container/Container.php(626): Illuminate\Container\Container->build('App\\Http\\Middle...', Array)
#7 /home/andrey/Documents/www/support.loc/support/vendor/laravel/framework/src/Illuminate/Foundation/Application.php(674): Illuminate\Container\Container->make('App\\Http\\Middle...', Array)
#8 /home/andrey/Documents/www/support.loc/support/vendor/laravel/framework/src/Illuminate/Foundation/Http/Kernel.php(142): Illuminate\Foundation\Application->make('App\\Http\\Middle...')
#9 /home/andrey/Documents/www/support.loc/support/public/index.php(61): Illuminate\Foundation\Http\Kernel->terminate(Object(Illuminate\Http\Request), Object(Illuminate\Http\Response))
#10 {main}  
[2015-09-07 09:29:42] local.ERROR: exception 'ErrorException' with message 'file_put_contents(/home/andrey/Documents/www/support.loc/support/storage/framework/views/6d1fecb8d54117c860a6978fc3882971): failed to open stream: Permission denied' in /home/andrey/Documents/www/support.loc/support/vendor/laravel/framework/src/Illuminate/Filesystem/Filesystem.php:81
Stack trace:
#0 [internal function]: Illuminate\Foundation\Bootstrap\HandleExceptions->handleError(2, 'file_put_conten...', '/home/andrey/Do...', 81, Array)
#1 /home/andrey/Documents/www/support.loc/support/vendor/laravel/framework/src/Illuminate/Filesystem/Filesystem.php(81): file_put_contents('/home/andrey/Do...', '<!DOCTYPE html>...', 0)
#2 /home/andrey/Documents/www/support.loc/support/vendor/laravel/framework/src/Illuminate/View/Compilers/BladeCompiler.php(102): Illuminate\Filesystem\Filesystem->put('/home/andrey/Do...', '<!DOCTYPE html>...')
#3 /home/andrey/Documents/www/support.loc/support/vendor/laravel/framework/src/Illuminate/View/Engines/CompilerEngine.php(50): Illuminate\View\Compilers\BladeCompiler->compile('/home/andrey/Do...')
#4 /home/andrey/Documents/www/support.loc/support/vendor/laravel/framework/src/Illuminate/View/View.php(138): Illuminate\View\Engines\CompilerEngine->get('/home/andrey/Do...', Array)
#5 /home/andrey/Documents/www/support.loc/support/vendor/laravel/framework/src/Illuminate/View/View.php(107): Illuminate\View\View->getContents()
#6 /home/andrey/Documents/www/support.loc/support/vendor/laravel/framework/src/Illuminate/View/View.php(81): Illuminate\View\View->renderContents()
#7 /home/andrey/Documents/www/support.loc/support/vendor/laravel/framework/src/Illuminate/Http/Response.php(51): Illuminate\View\View->render()
#8 /home/andrey/Documents/www/support.loc/support/vendor/symfony/http-foundation/Response.php(202): Illuminate\Http\Response->setContent(Object(Illuminate\View\View))
#9 /home/andrey/Documents/www/support.loc/support/vendor/laravel/framework/src/Illuminate/Routing/Router.php(1225): Symfony\Component\HttpFoundation\Response->__construct(Object(Illuminate\View\View))
#10 /home/andrey/Documents/www/support.loc/support/vendor/laravel/framework/src/Illuminate/Routing/Router.php(705): Illuminate\Routing\Router->prepareResponse(Object(Illuminate\Http\Request), Object(Illuminate\View\View))
#11 [internal function]: Illuminate\Routing\Router->Illuminate\Routing\{closure}(Object(Illuminate\Http\Request))
#12 /home/andrey/Documents/www/support.loc/support/vendor/laravel/framework/src/Illuminate/Pipeline/Pipeline.php(139): call_user_func(Object(Closure), Object(Illuminate\Http\Request))
#13 [internal function]: Illuminate\Pipeline\Pipeline->Illuminate\Pipeline\{closure}(Object(Illuminate\Http\Request))
#14 /home/andrey/Documents/www/support.loc/support/vendor/laravel/framework/src/Illuminate/Pipeline/Pipeline.php(103): call_user_func(Object(Closure), Object(Illuminate\Http\Request))
#15 /home/andrey/Documents/www/support.loc/support/vendor/laravel/framework/src/Illuminate/Routing/Router.php(706): Illuminate\Pipeline\Pipeline->then(Object(Closure))
#16 /home/andrey/Documents/www/support.loc/support/vendor/laravel/framework/src/Illuminate/Routing/Router.php(671): Illuminate\Routing\Router->runRouteWithinStack(Object(Illuminate\Routing\Route), Object(Illuminate\Http\Request))
#17 /home/andrey/Documents/www/support.loc/support/vendor/laravel/framework/src/Illuminate/Routing/Router.php(631): Illuminate\Routing\Router->dispatchToRoute(Object(Illuminate\Http\Request))
#18 /home/andrey/Documents/www/support.loc/support/vendor/laravel/framework/src/Illuminate/Foundation/Http/Kernel.php(236): Illuminate\Routing\Router->dispatch(Object(Illuminate\Http\Request))
#19 [internal function]: Illuminate\Foundation\Http\Kernel->Illuminate\Foundation\Http\{closure}(Object(Illuminate\Http\Request))
#20 /home/andrey/Documents/www/support.loc/support/vendor/laravel/framework/src/Illuminate/Pipeline/Pipeline.php(139): call_user_func(Object(Closure), Object(Illuminate\Http\Request))
#21 /home/andrey/Documents/www/support.loc/support/vendor/laravel/framework/src/Illuminate/Foundation/Http/Middleware/VerifyCsrfToken.php(50): Illuminate\Pipeline\Pipeline->Illuminate\Pipeline\{closure}(Object(Illuminate\Http\Request))
#22 [internal function]: Illuminate\Foundation\Http\Middleware\VerifyCsrfToken->handle(Object(Illuminate\Http\Request), Object(Closure))
#23 /home/andrey/Documents/www/support.loc/support/vendor/laravel/framework/src/Illuminate/Pipeline/Pipeline.php(124): call_user_func_array(Array, Array)
#24 /home/andrey/Documents/www/support.loc/support/vendor/laravel/framework/src/Illuminate/View/Middleware/ShareErrorsFromSession.php(54): Illuminate\Pipeline\Pipeline->Illuminate\Pipeline\{closure}(Object(Illuminate\Http\Request))
#25 [internal function]: Illuminate\View\Middleware\ShareErrorsFromSession->handle(Object(Illuminate\Http\Request), Object(Closure))
#26 /home/andrey/Documents/www/support.loc/support/vendor/laravel/framework/src/Illuminate/Pipeline/Pipeline.php(124): call_user_func_array(Array, Array)
#27 /home/andrey/Documents/www/support.loc/support/vendor/laravel/framework/src/Illuminate/Session/Middleware/StartSession.php(62): Illuminate\Pipeline\Pipeline->Illuminate\Pipeline\{closure}(Object(Illuminate\Http\Request))
#28 [internal function]: Illuminate\Session\Middleware\StartSession->handle(Object(Illuminate\Http\Request), Object(Closure))
#29 /home/andrey/Documents/www/support.loc/support/vendor/laravel/framework/src/Illuminate/Pipeline/Pipeline.php(124): call_user_func_array(Array, Array)
#30 /home/andrey/Documents/www/support.loc/support/vendor/laravel/framework/src/Illuminate/Cookie/Middleware/AddQueuedCookiesToResponse.php(37): Illuminate\Pipeline\Pipeline->Illuminate\Pipeline\{closure}(Object(Illuminate\Http\Request))
#31 [internal function]: Illuminate\Cookie\Middleware\AddQueuedCookiesToResponse->handle(Object(Illuminate\Http\Request), Object(Closure))
#32 /home/andrey/Documents/www/support.loc/support/vendor/laravel/framework/src/Illuminate/Pipeline/Pipeline.php(124): call_user_func_array(Array, Array)
#33 /home/andrey/Documents/www/support.loc/support/vendor/laravel/framework/src/Illuminate/Cookie/Middleware/EncryptCookies.php(59): Illuminate\Pipeline\Pipeline->Illuminate\Pipeline\{closure}(Object(Illuminate\Http\Request))
#34 [internal function]: Illuminate\Cookie\Middleware\EncryptCookies->handle(Object(Illuminate\Http\Request), Object(Closure))
#35 /home/andrey/Documents/www/support.loc/support/vendor/laravel/framework/src/Illuminate/Pipeline/Pipeline.php(124): call_user_func_array(Array, Array)
#36 /home/andrey/Documents/www/support.loc/support/vendor/laravel/framework/src/Illuminate/Foundation/Http/Middleware/CheckForMaintenanceMode.php(42): Illuminate\Pipeline\Pipeline->Illuminate\Pipeline\{closure}(Object(Illuminate\Http\Request))
#37 [internal function]: Illuminate\Foundation\Http\Middleware\CheckForMaintenanceMode->handle(Object(Illuminate\Http\Request), Object(Closure))
#38 /home/andrey/Documents/www/support.loc/support/vendor/laravel/framework/src/Illuminate/Pipeline/Pipeline.php(124): call_user_func_array(Array, Array)
#39 [internal function]: Illuminate\Pipeline\Pipeline->Illuminate\Pipeline\{closure}(Object(Illuminate\Http\Request))
#40 /home/andrey/Documents/www/support.loc/support/vendor/laravel/framework/src/Illuminate/Pipeline/Pipeline.php(103): call_user_func(Object(Closure), Object(Illuminate\Http\Request))
#41 /home/andrey/Documents/www/support.loc/support/vendor/laravel/framework/src/Illuminate/Foundation/Http/Kernel.php(122): Illuminate\Pipeline\Pipeline->then(Object(Closure))
#42 /home/andrey/Documents/www/support.loc/support/vendor/laravel/framework/src/Illuminate/Foundation/Http/Kernel.php(87): Illuminate\Foundation\Http\Kernel->sendRequestThroughRouter(Object(Illuminate\Http\Request))
#43 /home/andrey/Documents/www/support.loc/support/public/index.php(57): Illuminate\Foundation\Http\Kernel->handle(Object(Illuminate\Http\Request))
#44 {main}  
[2015-09-07 09:29:42] local.ERROR: exception 'ErrorException' with message 'file_put_contents(/home/andrey/Documents/www/support.loc/support/storage/framework/sessions/6f1f30bd03b77560d41e1c675c746885ed364c9c): failed to open stream: Permission denied' in /home/andrey/Documents/www/support.loc/support/vendor/laravel/framework/src/Illuminate/Filesystem/Filesystem.php:81
Stack trace:
#0 [internal function]: Illuminate\Foundation\Bootstrap\HandleExceptions->handleError(2, 'file_put_conten...', '/home/andrey/Do...', 81, Array)
#1 /home/andrey/Documents/www/support.loc/support/vendor/laravel/framework/src/Illuminate/Filesystem/Filesystem.php(81): file_put_contents('/home/andrey/Do...', 'a:3:{s:6:"_toke...', 2)
#2 /home/andrey/Documents/www/support.loc/support/vendor/laravel/framework/src/Illuminate/Session/FileSessionHandler.php(71): Illuminate\Filesystem\Filesystem->put('/home/andrey/Do...', 'a:3:{s:6:"_toke...', true)
#3 /home/andrey/Documents/www/support.loc/support/vendor/laravel/framework/src/Illuminate/Session/Store.php(262): Illuminate\Session\FileSessionHandler->write('6f1f30bd03b7756...', 'a:3:{s:6:"_toke...')
#4 /home/andrey/Documents/www/support.loc/support/vendor/laravel/framework/src/Illuminate/Session/Middleware/StartSession.php(88): Illuminate\Session\Store->save()
#5 /home/andrey/Documents/www/support.loc/support/vendor/laravel/framework/src/Illuminate/Foundation/Http/Kernel.php(145): Illuminate\Session\Middleware\StartSession->terminate(Object(Illuminate\Http\Request), Object(Illuminate\Http\Response))
#6 /home/andrey/Documents/www/support.loc/support/public/index.php(61): Illuminate\Foundation\Http\Kernel->terminate(Object(Illuminate\Http\Request), Object(Illuminate\Http\Response))
#7 {main}  
[2015-09-07 09:29:43] local.ERROR: exception 'ErrorException' with message 'file_put_contents(/home/andrey/Documents/www/support.loc/support/storage/framework/views/6d1fecb8d54117c860a6978fc3882971): failed to open stream: Permission denied' in /home/andrey/Documents/www/support.loc/support/vendor/laravel/framework/src/Illuminate/Filesystem/Filesystem.php:81
Stack trace:
#0 [internal function]: Illuminate\Foundation\Bootstrap\HandleExceptions->handleError(2, 'file_put_conten...', '/home/andrey/Do...', 81, Array)
#1 /home/andrey/Documents/www/support.loc/support/vendor/laravel/framework/src/Illuminate/Filesystem/Filesystem.php(81): file_put_contents('/home/andrey/Do...', '<!DOCTYPE html>...', 0)
#2 /home/andrey/Documents/www/support.loc/support/vendor/laravel/framework/src/Illuminate/View/Compilers/BladeCompiler.php(102): Illuminate\Filesystem\Filesystem->put('/home/andrey/Do...', '<!DOCTYPE html>...')
#3 /home/andrey/Documents/www/support.loc/support/vendor/laravel/framework/src/Illuminate/View/Engines/CompilerEngine.php(50): Illuminate\View\Compilers\BladeCompiler->compile('/home/andrey/Do...')
#4 /home/andrey/Documents/www/support.loc/support/vendor/laravel/framework/src/Illuminate/View/View.php(138): Illuminate\View\Engines\CompilerEngine->get('/home/andrey/Do...', Array)
#5 /home/andrey/Documents/www/support.loc/support/vendor/laravel/framework/src/Illuminate/View/View.php(107): Illuminate\View\View->getContents()
#6 /home/andrey/Documents/www/support.loc/support/vendor/laravel/framework/src/Illuminate/View/View.php(81): Illuminate\View\View->renderContents()
#7 /home/andrey/Documents/www/support.loc/support/vendor/laravel/framework/src/Illuminate/Http/Response.php(51): Illuminate\View\View->render()
#8 /home/andrey/Documents/www/support.loc/support/vendor/symfony/http-foundation/Response.php(202): Illuminate\Http\Response->setContent(Object(Illuminate\View\View))
#9 /home/andrey/Documents/www/support.loc/support/vendor/laravel/framework/src/Illuminate/Routing/Router.php(1225): Symfony\Component\HttpFoundation\Response->__construct(Object(Illuminate\View\View))
#10 /home/andrey/Documents/www/support.loc/support/vendor/laravel/framework/src/Illuminate/Routing/Router.php(705): Illuminate\Routing\Router->prepareResponse(Object(Illuminate\Http\Request), Object(Illuminate\View\View))
#11 [internal function]: Illuminate\Routing\Router->Illuminate\Routing\{closure}(Object(Illuminate\Http\Request))
#12 /home/andrey/Documents/www/support.loc/support/vendor/laravel/framework/src/Illuminate/Pipeline/Pipeline.php(139): call_user_func(Object(Closure), Object(Illuminate\Http\Request))
#13 [internal function]: Illuminate\Pipeline\Pipeline->Illuminate\Pipeline\{closure}(Object(Illuminate\Http\Request))
#14 /home/andrey/Documents/www/support.loc/support/vendor/laravel/framework/src/Illuminate/Pipeline/Pipeline.php(103): call_user_func(Object(Closure), Object(Illuminate\Http\Request))
#15 /home/andrey/Documents/www/support.loc/support/vendor/laravel/framework/src/Illuminate/Routing/Router.php(706): Illuminate\Pipeline\Pipeline->then(Object(Closure))
#16 /home/andrey/Documents/www/support.loc/support/vendor/laravel/framework/src/Illuminate/Routing/Router.php(671): Illuminate\Routing\Router->runRouteWithinStack(Object(Illuminate\Routing\Route), Object(Illuminate\Http\Request))
#17 /home/andrey/Documents/www/support.loc/support/vendor/laravel/framework/src/Illuminate/Routing/Router.php(631): Illuminate\Routing\Router->dispatchToRoute(Object(Illuminate\Http\Request))
#18 /home/andrey/Documents/www/support.loc/support/vendor/laravel/framework/src/Illuminate/Foundation/Http/Kernel.php(236): Illuminate\Routing\Router->dispatch(Object(Illuminate\Http\Request))
#19 [internal function]: Illuminate\Foundation\Http\Kernel->Illuminate\Foundation\Http\{closure}(Object(Illuminate\Http\Request))
#20 /home/andrey/Documents/www/support.loc/support/vendor/laravel/framework/src/Illuminate/Pipeline/Pipeline.php(139): call_user_func(Object(Closure), Object(Illuminate\Http\Request))
#21 /home/andrey/Documents/www/support.loc/support/vendor/laravel/framework/src/Illuminate/Foundation/Http/Middleware/VerifyCsrfToken.php(50): Illuminate\Pipeline\Pipeline->Illuminate\Pipeline\{closure}(Object(Illuminate\Http\Request))
#22 [internal function]: Illuminate\Foundation\Http\Middleware\VerifyCsrfToken->handle(Object(Illuminate\Http\Request), Object(Closure))
#23 /home/andrey/Documents/www/support.loc/support/vendor/laravel/framework/src/Illuminate/Pipeline/Pipeline.php(124): call_user_func_array(Array, Array)
#24 /home/andrey/Documents/www/support.loc/support/vendor/laravel/framework/src/Illuminate/View/Middleware/ShareErrorsFromSession.php(54): Illuminate\Pipeline\Pipeline->Illuminate\Pipeline\{closure}(Object(Illuminate\Http\Request))
#25 [internal function]: Illuminate\View\Middleware\ShareErrorsFromSession->handle(Object(Illuminate\Http\Request), Object(Closure))
#26 /home/andrey/Documents/www/support.loc/support/vendor/laravel/framework/src/Illuminate/Pipeline/Pipeline.php(124): call_user_func_array(Array, Array)
#27 /home/andrey/Documents/www/support.loc/support/vendor/laravel/framework/src/Illuminate/Session/Middleware/StartSession.php(62): Illuminate\Pipeline\Pipeline->Illuminate\Pipeline\{closure}(Object(Illuminate\Http\Request))
#28 [internal function]: Illuminate\Session\Middleware\StartSession->handle(Object(Illuminate\Http\Request), Object(Closure))
#29 /home/andrey/Documents/www/support.loc/support/vendor/laravel/framework/src/Illuminate/Pipeline/Pipeline.php(124): call_user_func_array(Array, Array)
#30 /home/andrey/Documents/www/support.loc/support/vendor/laravel/framework/src/Illuminate/Cookie/Middleware/AddQueuedCookiesToResponse.php(37): Illuminate\Pipeline\Pipeline->Illuminate\Pipeline\{closure}(Object(Illuminate\Http\Request))
#31 [internal function]: Illuminate\Cookie\Middleware\AddQueuedCookiesToResponse->handle(Object(Illuminate\Http\Request), Object(Closure))
#32 /home/andrey/Documents/www/support.loc/support/vendor/laravel/framework/src/Illuminate/Pipeline/Pipeline.php(124): call_user_func_array(Array, Array)
#33 /home/andrey/Documents/www/support.loc/support/vendor/laravel/framework/src/Illuminate/Cookie/Middleware/EncryptCookies.php(59): Illuminate\Pipeline\Pipeline->Illuminate\Pipeline\{closure}(Object(Illuminate\Http\Request))
#34 [internal function]: Illuminate\Cookie\Middleware\EncryptCookies->handle(Object(Illuminate\Http\Request), Object(Closure))
#35 /home/andrey/Documents/www/support.loc/support/vendor/laravel/framework/src/Illuminate/Pipeline/Pipeline.php(124): call_user_func_array(Array, Array)
#36 /home/andrey/Documents/www/support.loc/support/vendor/laravel/framework/src/Illuminate/Foundation/Http/Middleware/CheckForMaintenanceMode.php(42): Illuminate\Pipeline\Pipeline->Illuminate\Pipeline\{closure}(Object(Illuminate\Http\Request))
#37 [internal function]: Illuminate\Foundation\Http\Middleware\CheckForMaintenanceMode->handle(Object(Illuminate\Http\Request), Object(Closure))
#38 /home/andrey/Documents/www/support.loc/support/vendor/laravel/framework/src/Illuminate/Pipeline/Pipeline.php(124): call_user_func_array(Array, Array)
#39 [internal function]: Illuminate\Pipeline\Pipeline->Illuminate\Pipeline\{closure}(Object(Illuminate\Http\Request))
#40 /home/andrey/Documents/www/support.loc/support/vendor/laravel/framework/src/Illuminate/Pipeline/Pipeline.php(103): call_user_func(Object(Closure), Object(Illuminate\Http\Request))
#41 /home/andrey/Documents/www/support.loc/support/vendor/laravel/framework/src/Illuminate/Foundation/Http/Kernel.php(122): Illuminate\Pipeline\Pipeline->then(Object(Closure))
#42 /home/andrey/Documents/www/support.loc/support/vendor/laravel/framework/src/Illuminate/Foundation/Http/Kernel.php(87): Illuminate\Foundation\Http\Kernel->sendRequestThroughRouter(Object(Illuminate\Http\Request))
#43 /home/andrey/Documents/www/support.loc/support/public/index.php(57): Illuminate\Foundation\Http\Kernel->handle(Object(Illuminate\Http\Request))
#44 {main}  
[2015-09-07 09:29:43] local.ERROR: exception 'ErrorException' with message 'file_put_contents(/home/andrey/Documents/www/support.loc/support/storage/framework/sessions/0acec858a8d5f2d2569a5de48278e5e32ca97e5c): failed to open stream: Permission denied' in /home/andrey/Documents/www/support.loc/support/vendor/laravel/framework/src/Illuminate/Filesystem/Filesystem.php:81
Stack trace:
#0 [internal function]: Illuminate\Foundation\Bootstrap\HandleExceptions->handleError(2, 'file_put_conten...', '/home/andrey/Do...', 81, Array)
#1 /home/andrey/Documents/www/support.loc/support/vendor/laravel/framework/src/Illuminate/Filesystem/Filesystem.php(81): file_put_contents('/home/andrey/Do...', 'a:3:{s:6:"_toke...', 2)
#2 /home/andrey/Documents/www/support.loc/support/vendor/laravel/framework/src/Illuminate/Session/FileSessionHandler.php(71): Illuminate\Filesystem\Filesystem->put('/home/andrey/Do...', 'a:3:{s:6:"_toke...', true)
#3 /home/andrey/Documents/www/support.loc/support/vendor/laravel/framework/src/Illuminate/Session/Store.php(262): Illuminate\Session\FileSessionHandler->write('0acec858a8d5f2d...', 'a:3:{s:6:"_toke...')
#4 /home/andrey/Documents/www/support.loc/support/vendor/laravel/framework/src/Illuminate/Session/Middleware/StartSession.php(88): Illuminate\Session\Store->save()
#5 /home/andrey/Documents/www/support.loc/support/vendor/laravel/framework/src/Illuminate/Foundation/Http/Kernel.php(145): Illuminate\Session\Middleware\StartSession->terminate(Object(Illuminate\Http\Request), Object(Illuminate\Http\Response))
#6 /home/andrey/Documents/www/support.loc/support/public/index.php(61): Illuminate\Foundation\Http\Kernel->terminate(Object(Illuminate\Http\Request), Object(Illuminate\Http\Response))
#7 {main}  
[2015-09-07 09:29:43] local.ERROR: exception 'ErrorException' with message 'file_put_contents(/home/andrey/Documents/www/support.loc/support/storage/framework/views/6d1fecb8d54117c860a6978fc3882971): failed to open stream: Permission denied' in /home/andrey/Documents/www/support.loc/support/vendor/laravel/framework/src/Illuminate/Filesystem/Filesystem.php:81
Stack trace:
#0 [internal function]: Illuminate\Foundation\Bootstrap\HandleExceptions->handleError(2, 'file_put_conten...', '/home/andrey/Do...', 81, Array)
#1 /home/andrey/Documents/www/support.loc/support/vendor/laravel/framework/src/Illuminate/Filesystem/Filesystem.php(81): file_put_contents('/home/andrey/Do...', '<!DOCTYPE html>...', 0)
#2 /home/andrey/Documents/www/support.loc/support/vendor/laravel/framework/src/Illuminate/View/Compilers/BladeCompiler.php(102): Illuminate\Filesystem\Filesystem->put('/home/andrey/Do...', '<!DOCTYPE html>...')
#3 /home/andrey/Documents/www/support.loc/support/vendor/laravel/framework/src/Illuminate/View/Engines/CompilerEngine.php(50): Illuminate\View\Compilers\BladeCompiler->compile('/home/andrey/Do...')
#4 /home/andrey/Documents/www/support.loc/support/vendor/laravel/framework/src/Illuminate/View/View.php(138): Illuminate\View\Engines\CompilerEngine->get('/home/andrey/Do...', Array)
#5 /home/andrey/Documents/www/support.loc/support/vendor/laravel/framework/src/Illuminate/View/View.php(107): Illuminate\View\View->getContents()
#6 /home/andrey/Documents/www/support.loc/support/vendor/laravel/framework/src/Illuminate/View/View.php(81): Illuminate\View\View->renderContents()
#7 /home/andrey/Documents/www/support.loc/support/vendor/laravel/framework/src/Illuminate/Http/Response.php(51): Illuminate\View\View->render()
#8 /home/andrey/Documents/www/support.loc/support/vendor/symfony/http-foundation/Response.php(202): Illuminate\Http\Response->setContent(Object(Illuminate\View\View))
#9 /home/andrey/Documents/www/support.loc/support/vendor/laravel/framework/src/Illuminate/Routing/Router.php(1225): Symfony\Component\HttpFoundation\Response->__construct(Object(Illuminate\View\View))
#10 /home/andrey/Documents/www/support.loc/support/vendor/laravel/framework/src/Illuminate/Routing/Router.php(705): Illuminate\Routing\Router->prepareResponse(Object(Illuminate\Http\Request), Object(Illuminate\View\View))
#11 [internal function]: Illuminate\Routing\Router->Illuminate\Routing\{closure}(Object(Illuminate\Http\Request))
#12 /home/andrey/Documents/www/support.loc/support/vendor/laravel/framework/src/Illuminate/Pipeline/Pipeline.php(139): call_user_func(Object(Closure), Object(Illuminate\Http\Request))
#13 [internal function]: Illuminate\Pipeline\Pipeline->Illuminate\Pipeline\{closure}(Object(Illuminate\Http\Request))
#14 /home/andrey/Documents/www/support.loc/support/vendor/laravel/framework/src/Illuminate/Pipeline/Pipeline.php(103): call_user_func(Object(Closure), Object(Illuminate\Http\Request))
#15 /home/andrey/Documents/www/support.loc/support/vendor/laravel/framework/src/Illuminate/Routing/Router.php(706): Illuminate\Pipeline\Pipeline->then(Object(Closure))
#16 /home/andrey/Documents/www/support.loc/support/vendor/laravel/framework/src/Illuminate/Routing/Router.php(671): Illuminate\Routing\Router->runRouteWithinStack(Object(Illuminate\Routing\Route), Object(Illuminate\Http\Request))
#17 /home/andrey/Documents/www/support.loc/support/vendor/laravel/framework/src/Illuminate/Routing/Router.php(631): Illuminate\Routing\Router->dispatchToRoute(Object(Illuminate\Http\Request))
#18 /home/andrey/Documents/www/support.loc/support/vendor/laravel/framework/src/Illuminate/Foundation/Http/Kernel.php(236): Illuminate\Routing\Router->dispatch(Object(Illuminate\Http\Request))
#19 [internal function]: Illuminate\Foundation\Http\Kernel->Illuminate\Foundation\Http\{closure}(Object(Illuminate\Http\Request))
#20 /home/andrey/Documents/www/support.loc/support/vendor/laravel/framework/src/Illuminate/Pipeline/Pipeline.php(139): call_user_func(Object(Closure), Object(Illuminate\Http\Request))
#21 /home/andrey/Documents/www/support.loc/support/vendor/laravel/framework/src/Illuminate/Foundation/Http/Middleware/VerifyCsrfToken.php(50): Illuminate\Pipeline\Pipeline->Illuminate\Pipeline\{closure}(Object(Illuminate\Http\Request))
#22 [internal function]: Illuminate\Foundation\Http\Middleware\VerifyCsrfToken->handle(Object(Illuminate\Http\Request), Object(Closure))
#23 /home/andrey/Documents/www/support.loc/support/vendor/laravel/framework/src/Illuminate/Pipeline/Pipeline.php(124): call_user_func_array(Array, Array)
#24 /home/andrey/Documents/www/support.loc/support/vendor/laravel/framework/src/Illuminate/View/Middleware/ShareErrorsFromSession.php(54): Illuminate\Pipeline\Pipeline->Illuminate\Pipeline\{closure}(Object(Illuminate\Http\Request))
#25 [internal function]: Illuminate\View\Middleware\ShareErrorsFromSession->handle(Object(Illuminate\Http\Request), Object(Closure))
#26 /home/andrey/Documents/www/support.loc/support/vendor/laravel/framework/src/Illuminate/Pipeline/Pipeline.php(124): call_user_func_array(Array, Array)
#27 /home/andrey/Documents/www/support.loc/support/vendor/laravel/framework/src/Illuminate/Session/Middleware/StartSession.php(62): Illuminate\Pipeline\Pipeline->Illuminate\Pipeline\{closure}(Object(Illuminate\Http\Request))
#28 [internal function]: Illuminate\Session\Middleware\StartSession->handle(Object(Illuminate\Http\Request), Object(Closure))
#29 /home/andrey/Documents/www/support.loc/support/vendor/laravel/framework/src/Illuminate/Pipeline/Pipeline.php(124): call_user_func_array(Array, Array)
#30 /home/andrey/Documents/www/support.loc/support/vendor/laravel/framework/src/Illuminate/Cookie/Middleware/AddQueuedCookiesToResponse.php(37): Illuminate\Pipeline\Pipeline->Illuminate\Pipeline\{closure}(Object(Illuminate\Http\Request))
#31 [internal function]: Illuminate\Cookie\Middleware\AddQueuedCookiesToResponse->handle(Object(Illuminate\Http\Request), Object(Closure))
#32 /home/andrey/Documents/www/support.loc/support/vendor/laravel/framework/src/Illuminate/Pipeline/Pipeline.php(124): call_user_func_array(Array, Array)
#33 /home/andrey/Documents/www/support.loc/support/vendor/laravel/framework/src/Illuminate/Cookie/Middleware/EncryptCookies.php(59): Illuminate\Pipeline\Pipeline->Illuminate\Pipeline\{closure}(Object(Illuminate\Http\Request))
#34 [internal function]: Illuminate\Cookie\Middleware\EncryptCookies->handle(Object(Illuminate\Http\Request), Object(Closure))
#35 /home/andrey/Documents/www/support.loc/support/vendor/laravel/framework/src/Illuminate/Pipeline/Pipeline.php(124): call_user_func_array(Array, Array)
#36 /home/andrey/Documents/www/support.loc/support/vendor/laravel/framework/src/Illuminate/Foundation/Http/Middleware/CheckForMaintenanceMode.php(42): Illuminate\Pipeline\Pipeline->Illuminate\Pipeline\{closure}(Object(Illuminate\Http\Request))
#37 [internal function]: Illuminate\Foundation\Http\Middleware\CheckForMaintenanceMode->handle(Object(Illuminate\Http\Request), Object(Closure))
#38 /home/andrey/Documents/www/support.loc/support/vendor/laravel/framework/src/Illuminate/Pipeline/Pipeline.php(124): call_user_func_array(Array, Array)
#39 [internal function]: Illuminate\Pipeline\Pipeline->Illuminate\Pipeline\{closure}(Object(Illuminate\Http\Request))
#40 /home/andrey/Documents/www/support.loc/support/vendor/laravel/framework/src/Illuminate/Pipeline/Pipeline.php(103): call_user_func(Object(Closure), Object(Illuminate\Http\Request))
#41 /home/andrey/Documents/www/support.loc/support/vendor/laravel/framework/src/Illuminate/Foundation/Http/Kernel.php(122): Illuminate\Pipeline\Pipeline->then(Object(Closure))
#42 /home/andrey/Documents/www/support.loc/support/vendor/laravel/framework/src/Illuminate/Foundation/Http/Kernel.php(87): Illuminate\Foundation\Http\Kernel->sendRequestThroughRouter(Object(Illuminate\Http\Request))
#43 /home/andrey/Documents/www/support.loc/support/public/index.php(57): Illuminate\Foundation\Http\Kernel->handle(Object(Illuminate\Http\Request))
#44 {main}  
[2015-09-07 09:29:43] local.ERROR: exception 'ErrorException' with message 'file_put_contents(/home/andrey/Documents/www/support.loc/support/storage/framework/sessions/852de367804c0f12931c9773df3c4d5889fc3060): failed to open stream: Permission denied' in /home/andrey/Documents/www/support.loc/support/vendor/laravel/framework/src/Illuminate/Filesystem/Filesystem.php:81
Stack trace:
#0 [internal function]: Illuminate\Foundation\Bootstrap\HandleExceptions->handleError(2, 'file_put_conten...', '/home/andrey/Do...', 81, Array)
#1 /home/andrey/Documents/www/support.loc/support/vendor/laravel/framework/src/Illuminate/Filesystem/Filesystem.php(81): file_put_contents('/home/andrey/Do...', 'a:3:{s:6:"_toke...', 2)
#2 /home/andrey/Documents/www/support.loc/support/vendor/laravel/framework/src/Illuminate/Session/FileSessionHandler.php(71): Illuminate\Filesystem\Filesystem->put('/home/andrey/Do...', 'a:3:{s:6:"_toke...', true)
#3 /home/andrey/Documents/www/support.loc/support/vendor/laravel/framework/src/Illuminate/Session/Store.php(262): Illuminate\Session\FileSessionHandler->write('852de367804c0f1...', 'a:3:{s:6:"_toke...')
#4 /home/andrey/Documents/www/support.loc/support/vendor/laravel/framework/src/Illuminate/Session/Middleware/StartSession.php(88): Illuminate\Session\Store->save()
#5 /home/andrey/Documents/www/support.loc/support/vendor/laravel/framework/src/Illuminate/Foundation/Http/Kernel.php(145): Illuminate\Session\Middleware\StartSession->terminate(Object(Illuminate\Http\Request), Object(Illuminate\Http\Response))
#6 /home/andrey/Documents/www/support.loc/support/public/index.php(61): Illuminate\Foundation\Http\Kernel->terminate(Object(Illuminate\Http\Request), Object(Illuminate\Http\Response))
#7 {main}  
[2015-09-07 09:29:43] local.ERROR: exception 'ErrorException' with message 'file_put_contents(/home/andrey/Documents/www/support.loc/support/storage/framework/views/6d1fecb8d54117c860a6978fc3882971): failed to open stream: Permission denied' in /home/andrey/Documents/www/support.loc/support/vendor/laravel/framework/src/Illuminate/Filesystem/Filesystem.php:81
Stack trace:
#0 [internal function]: Illuminate\Foundation\Bootstrap\HandleExceptions->handleError(2, 'file_put_conten...', '/home/andrey/Do...', 81, Array)
#1 /home/andrey/Documents/www/support.loc/support/vendor/laravel/framework/src/Illuminate/Filesystem/Filesystem.php(81): file_put_contents('/home/andrey/Do...', '<!DOCTYPE html>...', 0)
#2 /home/andrey/Documents/www/support.loc/support/vendor/laravel/framework/src/Illuminate/View/Compilers/BladeCompiler.php(102): Illuminate\Filesystem\Filesystem->put('/home/andrey/Do...', '<!DOCTYPE html>...')
#3 /home/andrey/Documents/www/support.loc/support/vendor/laravel/framework/src/Illuminate/View/Engines/CompilerEngine.php(50): Illuminate\View\Compilers\BladeCompiler->compile('/home/andrey/Do...')
#4 /home/andrey/Documents/www/support.loc/support/vendor/laravel/framework/src/Illuminate/View/View.php(138): Illuminate\View\Engines\CompilerEngine->get('/home/andrey/Do...', Array)
#5 /home/andrey/Documents/www/support.loc/support/vendor/laravel/framework/src/Illuminate/View/View.php(107): Illuminate\View\View->getContents()
#6 /home/andrey/Documents/www/support.loc/support/vendor/laravel/framework/src/Illuminate/View/View.php(81): Illuminate\View\View->renderContents()
#7 /home/andrey/Documents/www/support.loc/support/vendor/laravel/framework/src/Illuminate/Http/Response.php(51): Illuminate\View\View->render()
#8 /home/andrey/Documents/www/support.loc/support/vendor/symfony/http-foundation/Response.php(202): Illuminate\Http\Response->setContent(Object(Illuminate\View\View))
#9 /home/andrey/Documents/www/support.loc/support/vendor/laravel/framework/src/Illuminate/Routing/Router.php(1225): Symfony\Component\HttpFoundation\Response->__construct(Object(Illuminate\View\View))
#10 /home/andrey/Documents/www/support.loc/support/vendor/laravel/framework/src/Illuminate/Routing/Router.php(705): Illuminate\Routing\Router->prepareResponse(Object(Illuminate\Http\Request), Object(Illuminate\View\View))
#11 [internal function]: Illuminate\Routing\Router->Illuminate\Routing\{closure}(Object(Illuminate\Http\Request))
#12 /home/andrey/Documents/www/support.loc/support/vendor/laravel/framework/src/Illuminate/Pipeline/Pipeline.php(139): call_user_func(Object(Closure), Object(Illuminate\Http\Request))
#13 [internal function]: Illuminate\Pipeline\Pipeline->Illuminate\Pipeline\{closure}(Object(Illuminate\Http\Request))
#14 /home/andrey/Documents/www/support.loc/support/vendor/laravel/framework/src/Illuminate/Pipeline/Pipeline.php(103): call_user_func(Object(Closure), Object(Illuminate\Http\Request))
#15 /home/andrey/Documents/www/support.loc/support/vendor/laravel/framework/src/Illuminate/Routing/Router.php(706): Illuminate\Pipeline\Pipeline->then(Object(Closure))
#16 /home/andrey/Documents/www/support.loc/support/vendor/laravel/framework/src/Illuminate/Routing/Router.php(671): Illuminate\Routing\Router->runRouteWithinStack(Object(Illuminate\Routing\Route), Object(Illuminate\Http\Request))
#17 /home/andrey/Documents/www/support.loc/support/vendor/laravel/framework/src/Illuminate/Routing/Router.php(631): Illuminate\Routing\Router->dispatchToRoute(Object(Illuminate\Http\Request))
#18 /home/andrey/Documents/www/support.loc/support/vendor/laravel/framework/src/Illuminate/Foundation/Http/Kernel.php(236): Illuminate\Routing\Router->dispatch(Object(Illuminate\Http\Request))
#19 [internal function]: Illuminate\Foundation\Http\Kernel->Illuminate\Foundation\Http\{closure}(Object(Illuminate\Http\Request))
#20 /home/andrey/Documents/www/support.loc/support/vendor/laravel/framework/src/Illuminate/Pipeline/Pipeline.php(139): call_user_func(Object(Closure), Object(Illuminate\Http\Request))
#21 /home/andrey/Documents/www/support.loc/support/vendor/laravel/framework/src/Illuminate/Foundation/Http/Middleware/VerifyCsrfToken.php(50): Illuminate\Pipeline\Pipeline->Illuminate\Pipeline\{closure}(Object(Illuminate\Http\Request))
#22 [internal function]: Illuminate\Foundation\Http\Middleware\VerifyCsrfToken->handle(Object(Illuminate\Http\Request), Object(Closure))
#23 /home/andrey/Documents/www/support.loc/support/vendor/laravel/framework/src/Illuminate/Pipeline/Pipeline.php(124): call_user_func_array(Array, Array)
#24 /home/andrey/Documents/www/support.loc/support/vendor/laravel/framework/src/Illuminate/View/Middleware/ShareErrorsFromSession.php(54): Illuminate\Pipeline\Pipeline->Illuminate\Pipeline\{closure}(Object(Illuminate\Http\Request))
#25 [internal function]: Illuminate\View\Middleware\ShareErrorsFromSession->handle(Object(Illuminate\Http\Request), Object(Closure))
#26 /home/andrey/Documents/www/support.loc/support/vendor/laravel/framework/src/Illuminate/Pipeline/Pipeline.php(124): call_user_func_array(Array, Array)
#27 /home/andrey/Documents/www/support.loc/support/vendor/laravel/framework/src/Illuminate/Session/Middleware/StartSession.php(62): Illuminate\Pipeline\Pipeline->Illuminate\Pipeline\{closure}(Object(Illuminate\Http\Request))
#28 [internal function]: Illuminate\Session\Middleware\StartSession->handle(Object(Illuminate\Http\Request), Object(Closure))
#29 /home/andrey/Documents/www/support.loc/support/vendor/laravel/framework/src/Illuminate/Pipeline/Pipeline.php(124): call_user_func_array(Array, Array)
#30 /home/andrey/Documents/www/support.loc/support/vendor/laravel/framework/src/Illuminate/Cookie/Middleware/AddQueuedCookiesToResponse.php(37): Illuminate\Pipeline\Pipeline->Illuminate\Pipeline\{closure}(Object(Illuminate\Http\Request))
#31 [internal function]: Illuminate\Cookie\Middleware\AddQueuedCookiesToResponse->handle(Object(Illuminate\Http\Request), Object(Closure))
#32 /home/andrey/Documents/www/support.loc/support/vendor/laravel/framework/src/Illuminate/Pipeline/Pipeline.php(124): call_user_func_array(Array, Array)
#33 /home/andrey/Documents/www/support.loc/support/vendor/laravel/framework/src/Illuminate/Cookie/Middleware/EncryptCookies.php(59): Illuminate\Pipeline\Pipeline->Illuminate\Pipeline\{closure}(Object(Illuminate\Http\Request))
#34 [internal function]: Illuminate\Cookie\Middleware\EncryptCookies->handle(Object(Illuminate\Http\Request), Object(Closure))
#35 /home/andrey/Documents/www/support.loc/support/vendor/laravel/framework/src/Illuminate/Pipeline/Pipeline.php(124): call_user_func_array(Array, Array)
#36 /home/andrey/Documents/www/support.loc/support/vendor/laravel/framework/src/Illuminate/Foundation/Http/Middleware/CheckForMaintenanceMode.php(42): Illuminate\Pipeline\Pipeline->Illuminate\Pipeline\{closure}(Object(Illuminate\Http\Request))
#37 [internal function]: Illuminate\Foundation\Http\Middleware\CheckForMaintenanceMode->handle(Object(Illuminate\Http\Request), Object(Closure))
#38 /home/andrey/Documents/www/support.loc/support/vendor/laravel/framework/src/Illuminate/Pipeline/Pipeline.php(124): call_user_func_array(Array, Array)
#39 [internal function]: Illuminate\Pipeline\Pipeline->Illuminate\Pipeline\{closure}(Object(Illuminate\Http\Request))
#40 /home/andrey/Documents/www/support.loc/support/vendor/laravel/framework/src/Illuminate/Pipeline/Pipeline.php(103): call_user_func(Object(Closure), Object(Illuminate\Http\Request))
#41 /home/andrey/Documents/www/support.loc/support/vendor/laravel/framework/src/Illuminate/Foundation/Http/Kernel.php(122): Illuminate\Pipeline\Pipeline->then(Object(Closure))
#42 /home/andrey/Documents/www/support.loc/support/vendor/laravel/framework/src/Illuminate/Foundation/Http/Kernel.php(87): Illuminate\Foundation\Http\Kernel->sendRequestThroughRouter(Object(Illuminate\Http\Request))
#43 /home/andrey/Documents/www/support.loc/support/public/index.php(57): Illuminate\Foundation\Http\Kernel->handle(Object(Illuminate\Http\Request))
#44 {main}  
[2015-09-07 09:29:43] local.ERROR: exception 'ErrorException' with message 'file_put_contents(/home/andrey/Documents/www/support.loc/support/storage/framework/sessions/1dd330015d449010defad8190422ff907d20bb9f): failed to open stream: Permission denied' in /home/andrey/Documents/www/support.loc/support/vendor/laravel/framework/src/Illuminate/Filesystem/Filesystem.php:81
Stack trace:
#0 [internal function]: Illuminate\Foundation\Bootstrap\HandleExceptions->handleError(2, 'file_put_conten...', '/home/andrey/Do...', 81, Array)
#1 /home/andrey/Documents/www/support.loc/support/vendor/laravel/framework/src/Illuminate/Filesystem/Filesystem.php(81): file_put_contents('/home/andrey/Do...', 'a:3:{s:6:"_toke...', 2)
#2 /home/andrey/Documents/www/support.loc/support/vendor/laravel/framework/src/Illuminate/Session/FileSessionHandler.php(71): Illuminate\Filesystem\Filesystem->put('/home/andrey/Do...', 'a:3:{s:6:"_toke...', true)
#3 /home/andrey/Documents/www/support.loc/support/vendor/laravel/framework/src/Illuminate/Session/Store.php(262): Illuminate\Session\FileSessionHandler->write('1dd330015d44901...', 'a:3:{s:6:"_toke...')
#4 /home/andrey/Documents/www/support.loc/support/vendor/laravel/framework/src/Illuminate/Session/Middleware/StartSession.php(88): Illuminate\Session\Store->save()
#5 /home/andrey/Documents/www/support.loc/support/vendor/laravel/framework/src/Illuminate/Foundation/Http/Kernel.php(145): Illuminate\Session\Middleware\StartSession->terminate(Object(Illuminate\Http\Request), Object(Illuminate\Http\Response))
#6 /home/andrey/Documents/www/support.loc/support/public/index.php(61): Illuminate\Foundation\Http\Kernel->terminate(Object(Illuminate\Http\Request), Object(Illuminate\Http\Response))
#7 {main}  
[2015-09-07 09:29:43] local.ERROR: exception 'ErrorException' with message 'file_put_contents(/home/andrey/Documents/www/support.loc/support/storage/framework/views/6d1fecb8d54117c860a6978fc3882971): failed to open stream: Permission denied' in /home/andrey/Documents/www/support.loc/support/vendor/laravel/framework/src/Illuminate/Filesystem/Filesystem.php:81
Stack trace:
#0 [internal function]: Illuminate\Foundation\Bootstrap\HandleExceptions->handleError(2, 'file_put_conten...', '/home/andrey/Do...', 81, Array)
#1 /home/andrey/Documents/www/support.loc/support/vendor/laravel/framework/src/Illuminate/Filesystem/Filesystem.php(81): file_put_contents('/home/andrey/Do...', '<!DOCTYPE html>...', 0)
#2 /home/andrey/Documents/www/support.loc/support/vendor/laravel/framework/src/Illuminate/View/Compilers/BladeCompiler.php(102): Illuminate\Filesystem\Filesystem->put('/home/andrey/Do...', '<!DOCTYPE html>...')
#3 /home/andrey/Documents/www/support.loc/support/vendor/laravel/framework/src/Illuminate/View/Engines/CompilerEngine.php(50): Illuminate\View\Compilers\BladeCompiler->compile('/home/andrey/Do...')
#4 /home/andrey/Documents/www/support.loc/support/vendor/laravel/framework/src/Illuminate/View/View.php(138): Illuminate\View\Engines\CompilerEngine->get('/home/andrey/Do...', Array)
#5 /home/andrey/Documents/www/support.loc/support/vendor/laravel/framework/src/Illuminate/View/View.php(107): Illuminate\View\View->getContents()
#6 /home/andrey/Documents/www/support.loc/support/vendor/laravel/framework/src/Illuminate/View/View.php(81): Illuminate\View\View->renderContents()
#7 /home/andrey/Documents/www/support.loc/support/vendor/laravel/framework/src/Illuminate/Http/Response.php(51): Illuminate\View\View->render()
#8 /home/andrey/Documents/www/support.loc/support/vendor/symfony/http-foundation/Response.php(202): Illuminate\Http\Response->setContent(Object(Illuminate\View\View))
#9 /home/andrey/Documents/www/support.loc/support/vendor/laravel/framework/src/Illuminate/Routing/Router.php(1225): Symfony\Component\HttpFoundation\Response->__construct(Object(Illuminate\View\View))
#10 /home/andrey/Documents/www/support.loc/support/vendor/laravel/framework/src/Illuminate/Routing/Router.php(705): Illuminate\Routing\Router->prepareResponse(Object(Illuminate\Http\Request), Object(Illuminate\View\View))
#11 [internal function]: Illuminate\Routing\Router->Illuminate\Routing\{closure}(Object(Illuminate\Http\Request))
#12 /home/andrey/Documents/www/support.loc/support/vendor/laravel/framework/src/Illuminate/Pipeline/Pipeline.php(139): call_user_func(Object(Closure), Object(Illuminate\Http\Request))
#13 [internal function]: Illuminate\Pipeline\Pipeline->Illuminate\Pipeline\{closure}(Object(Illuminate\Http\Request))
#14 /home/andrey/Documents/www/support.loc/support/vendor/laravel/framework/src/Illuminate/Pipeline/Pipeline.php(103): call_user_func(Object(Closure), Object(Illuminate\Http\Request))
#15 /home/andrey/Documents/www/support.loc/support/vendor/laravel/framework/src/Illuminate/Routing/Router.php(706): Illuminate\Pipeline\Pipeline->then(Object(Closure))
#16 /home/andrey/Documents/www/support.loc/support/vendor/laravel/framework/src/Illuminate/Routing/Router.php(671): Illuminate\Routing\Router->runRouteWithinStack(Object(Illuminate\Routing\Route), Object(Illuminate\Http\Request))
#17 /home/andrey/Documents/www/support.loc/support/vendor/laravel/framework/src/Illuminate/Routing/Router.php(631): Illuminate\Routing\Router->dispatchToRoute(Object(Illuminate\Http\Request))
#18 /home/andrey/Documents/www/support.loc/support/vendor/laravel/framework/src/Illuminate/Foundation/Http/Kernel.php(236): Illuminate\Routing\Router->dispatch(Object(Illuminate\Http\Request))
#19 [internal function]: Illuminate\Foundation\Http\Kernel->Illuminate\Foundation\Http\{closure}(Object(Illuminate\Http\Request))
#20 /home/andrey/Documents/www/support.loc/support/vendor/laravel/framework/src/Illuminate/Pipeline/Pipeline.php(139): call_user_func(Object(Closure), Object(Illuminate\Http\Request))
#21 /home/andrey/Documents/www/support.loc/support/vendor/laravel/framework/src/Illuminate/Foundation/Http/Middleware/VerifyCsrfToken.php(50): Illuminate\Pipeline\Pipeline->Illuminate\Pipeline\{closure}(Object(Illuminate\Http\Request))
#22 [internal function]: Illuminate\Foundation\Http\Middleware\VerifyCsrfToken->handle(Object(Illuminate\Http\Request), Object(Closure))
#23 /home/andrey/Documents/www/support.loc/support/vendor/laravel/framework/src/Illuminate/Pipeline/Pipeline.php(124): call_user_func_array(Array, Array)
#24 /home/andrey/Documents/www/support.loc/support/vendor/laravel/framework/src/Illuminate/View/Middleware/ShareErrorsFromSession.php(54): Illuminate\Pipeline\Pipeline->Illuminate\Pipeline\{closure}(Object(Illuminate\Http\Request))
#25 [internal function]: Illuminate\View\Middleware\ShareErrorsFromSession->handle(Object(Illuminate\Http\Request), Object(Closure))
#26 /home/andrey/Documents/www/support.loc/support/vendor/laravel/framework/src/Illuminate/Pipeline/Pipeline.php(124): call_user_func_array(Array, Array)
#27 /home/andrey/Documents/www/support.loc/support/vendor/laravel/framework/src/Illuminate/Session/Middleware/StartSession.php(62): Illuminate\Pipeline\Pipeline->Illuminate\Pipeline\{closure}(Object(Illuminate\Http\Request))
#28 [internal function]: Illuminate\Session\Middleware\StartSession->handle(Object(Illuminate\Http\Request), Object(Closure))
#29 /home/andrey/Documents/www/support.loc/support/vendor/laravel/framework/src/Illuminate/Pipeline/Pipeline.php(124): call_user_func_array(Array, Array)
#30 /home/andrey/Documents/www/support.loc/support/vendor/laravel/framework/src/Illuminate/Cookie/Middleware/AddQueuedCookiesToResponse.php(37): Illuminate\Pipeline\Pipeline->Illuminate\Pipeline\{closure}(Object(Illuminate\Http\Request))
#31 [internal function]: Illuminate\Cookie\Middleware\AddQueuedCookiesToResponse->handle(Object(Illuminate\Http\Request), Object(Closure))
#32 /home/andrey/Documents/www/support.loc/support/vendor/laravel/framework/src/Illuminate/Pipeline/Pipeline.php(124): call_user_func_array(Array, Array)
#33 /home/andrey/Documents/www/support.loc/support/vendor/laravel/framework/src/Illuminate/Cookie/Middleware/EncryptCookies.php(59): Illuminate\Pipeline\Pipeline->Illuminate\Pipeline\{closure}(Object(Illuminate\Http\Request))
#34 [internal function]: Illuminate\Cookie\Middleware\EncryptCookies->handle(Object(Illuminate\Http\Request), Object(Closure))
#35 /home/andrey/Documents/www/support.loc/support/vendor/laravel/framework/src/Illuminate/Pipeline/Pipeline.php(124): call_user_func_array(Array, Array)
#36 /home/andrey/Documents/www/support.loc/support/vendor/laravel/framework/src/Illuminate/Foundation/Http/Middleware/CheckForMaintenanceMode.php(42): Illuminate\Pipeline\Pipeline->Illuminate\Pipeline\{closure}(Object(Illuminate\Http\Request))
#37 [internal function]: Illuminate\Foundation\Http\Middleware\CheckForMaintenanceMode->handle(Object(Illuminate\Http\Request), Object(Closure))
#38 /home/andrey/Documents/www/support.loc/support/vendor/laravel/framework/src/Illuminate/Pipeline/Pipeline.php(124): call_user_func_array(Array, Array)
#39 [internal function]: Illuminate\Pipeline\Pipeline->Illuminate\Pipeline\{closure}(Object(Illuminate\Http\Request))
#40 /home/andrey/Documents/www/support.loc/support/vendor/laravel/framework/src/Illuminate/Pipeline/Pipeline.php(103): call_user_func(Object(Closure), Object(Illuminate\Http\Request))
#41 /home/andrey/Documents/www/support.loc/support/vendor/laravel/framework/src/Illuminate/Foundation/Http/Kernel.php(122): Illuminate\Pipeline\Pipeline->then(Object(Closure))
#42 /home/andrey/Documents/www/support.loc/support/vendor/laravel/framework/src/Illuminate/Foundation/Http/Kernel.php(87): Illuminate\Foundation\Http\Kernel->sendRequestThroughRouter(Object(Illuminate\Http\Request))
#43 /home/andrey/Documents/www/support.loc/support/public/index.php(57): Illuminate\Foundation\Http\Kernel->handle(Object(Illuminate\Http\Request))
#44 {main}  
[2015-09-07 09:29:43] local.ERROR: exception 'ErrorException' with message 'file_put_contents(/home/andrey/Documents/www/support.loc/support/storage/framework/sessions/0379e280df617e2984a6eee1052f06e4c3efe201): failed to open stream: Permission denied' in /home/andrey/Documents/www/support.loc/support/vendor/laravel/framework/src/Illuminate/Filesystem/Filesystem.php:81
Stack trace:
#0 [internal function]: Illuminate\Foundation\Bootstrap\HandleExceptions->handleError(2, 'file_put_conten...', '/home/andrey/Do...', 81, Array)
#1 /home/andrey/Documents/www/support.loc/support/vendor/laravel/framework/src/Illuminate/Filesystem/Filesystem.php(81): file_put_contents('/home/andrey/Do...', 'a:3:{s:6:"_toke...', 2)
#2 /home/andrey/Documents/www/support.loc/support/vendor/laravel/framework/src/Illuminate/Session/FileSessionHandler.php(71): Illuminate\Filesystem\Filesystem->put('/home/andrey/Do...', 'a:3:{s:6:"_toke...', true)
#3 /home/andrey/Documents/www/support.loc/support/vendor/laravel/framework/src/Illuminate/Session/Store.php(262): Illuminate\Session\FileSessionHandler->write('0379e280df617e2...', 'a:3:{s:6:"_toke...')
#4 /home/andrey/Documents/www/support.loc/support/vendor/laravel/framework/src/Illuminate/Session/Middleware/StartSession.php(88): Illuminate\Session\Store->save()
#5 /home/andrey/Documents/www/support.loc/support/vendor/laravel/framework/src/Illuminate/Foundation/Http/Kernel.php(145): Illuminate\Session\Middleware\StartSession->terminate(Object(Illuminate\Http\Request), Object(Illuminate\Http\Response))
#6 /home/andrey/Documents/www/support.loc/support/public/index.php(61): Illuminate\Foundation\Http\Kernel->terminate(Object(Illuminate\Http\Request), Object(Illuminate\Http\Response))
#7 {main}  
[2015-09-07 09:29:43] local.ERROR: exception 'ErrorException' with message 'file_put_contents(/home/andrey/Documents/www/support.loc/support/storage/framework/views/6d1fecb8d54117c860a6978fc3882971): failed to open stream: Permission denied' in /home/andrey/Documents/www/support.loc/support/vendor/laravel/framework/src/Illuminate/Filesystem/Filesystem.php:81
Stack trace:
#0 [internal function]: Illuminate\Foundation\Bootstrap\HandleExceptions->handleError(2, 'file_put_conten...', '/home/andrey/Do...', 81, Array)
#1 /home/andrey/Documents/www/support.loc/support/vendor/laravel/framework/src/Illuminate/Filesystem/Filesystem.php(81): file_put_contents('/home/andrey/Do...', '<!DOCTYPE html>...', 0)
#2 /home/andrey/Documents/www/support.loc/support/vendor/laravel/framework/src/Illuminate/View/Compilers/BladeCompiler.php(102): Illuminate\Filesystem\Filesystem->put('/home/andrey/Do...', '<!DOCTYPE html>...')
#3 /home/andrey/Documents/www/support.loc/support/vendor/laravel/framework/src/Illuminate/View/Engines/CompilerEngine.php(50): Illuminate\View\Compilers\BladeCompiler->compile('/home/andrey/Do...')
#4 /home/andrey/Documents/www/support.loc/support/vendor/laravel/framework/src/Illuminate/View/View.php(138): Illuminate\View\Engines\CompilerEngine->get('/home/andrey/Do...', Array)
#5 /home/andrey/Documents/www/support.loc/support/vendor/laravel/framework/src/Illuminate/View/View.php(107): Illuminate\View\View->getContents()
#6 /home/andrey/Documents/www/support.loc/support/vendor/laravel/framework/src/Illuminate/View/View.php(81): Illuminate\View\View->renderContents()
#7 /home/andrey/Documents/www/support.loc/support/vendor/laravel/framework/src/Illuminate/Http/Response.php(51): Illuminate\View\View->render()
#8 /home/andrey/Documents/www/support.loc/support/vendor/symfony/http-foundation/Response.php(202): Illuminate\Http\Response->setContent(Object(Illuminate\View\View))
#9 /home/andrey/Documents/www/support.loc/support/vendor/laravel/framework/src/Illuminate/Routing/Router.php(1225): Symfony\Component\HttpFoundation\Response->__construct(Object(Illuminate\View\View))
#10 /home/andrey/Documents/www/support.loc/support/vendor/laravel/framework/src/Illuminate/Routing/Router.php(705): Illuminate\Routing\Router->prepareResponse(Object(Illuminate\Http\Request), Object(Illuminate\View\View))
#11 [internal function]: Illuminate\Routing\Router->Illuminate\Routing\{closure}(Object(Illuminate\Http\Request))
#12 /home/andrey/Documents/www/support.loc/support/vendor/laravel/framework/src/Illuminate/Pipeline/Pipeline.php(139): call_user_func(Object(Closure), Object(Illuminate\Http\Request))
#13 [internal function]: Illuminate\Pipeline\Pipeline->Illuminate\Pipeline\{closure}(Object(Illuminate\Http\Request))
#14 /home/andrey/Documents/www/support.loc/support/vendor/laravel/framework/src/Illuminate/Pipeline/Pipeline.php(103): call_user_func(Object(Closure), Object(Illuminate\Http\Request))
#15 /home/andrey/Documents/www/support.loc/support/vendor/laravel/framework/src/Illuminate/Routing/Router.php(706): Illuminate\Pipeline\Pipeline->then(Object(Closure))
#16 /home/andrey/Documents/www/support.loc/support/vendor/laravel/framework/src/Illuminate/Routing/Router.php(671): Illuminate\Routing\Router->runRouteWithinStack(Object(Illuminate\Routing\Route), Object(Illuminate\Http\Request))
#17 /home/andrey/Documents/www/support.loc/support/vendor/laravel/framework/src/Illuminate/Routing/Router.php(631): Illuminate\Routing\Router->dispatchToRoute(Object(Illuminate\Http\Request))
#18 /home/andrey/Documents/www/support.loc/support/vendor/laravel/framework/src/Illuminate/Foundation/Http/Kernel.php(236): Illuminate\Routing\Router->dispatch(Object(Illuminate\Http\Request))
#19 [internal function]: Illuminate\Foundation\Http\Kernel->Illuminate\Foundation\Http\{closure}(Object(Illuminate\Http\Request))
#20 /home/andrey/Documents/www/support.loc/support/vendor/laravel/framework/src/Illuminate/Pipeline/Pipeline.php(139): call_user_func(Object(Closure), Object(Illuminate\Http\Request))
#21 /home/andrey/Documents/www/support.loc/support/vendor/laravel/framework/src/Illuminate/Foundation/Http/Middleware/VerifyCsrfToken.php(50): Illuminate\Pipeline\Pipeline->Illuminate\Pipeline\{closure}(Object(Illuminate\Http\Request))
#22 [internal function]: Illuminate\Foundation\Http\Middleware\VerifyCsrfToken->handle(Object(Illuminate\Http\Request), Object(Closure))
#23 /home/andrey/Documents/www/support.loc/support/vendor/laravel/framework/src/Illuminate/Pipeline/Pipeline.php(124): call_user_func_array(Array, Array)
#24 /home/andrey/Documents/www/support.loc/support/vendor/laravel/framework/src/Illuminate/View/Middleware/ShareErrorsFromSession.php(54): Illuminate\Pipeline\Pipeline->Illuminate\Pipeline\{closure}(Object(Illuminate\Http\Request))
#25 [internal function]: Illuminate\View\Middleware\ShareErrorsFromSession->handle(Object(Illuminate\Http\Request), Object(Closure))
#26 /home/andrey/Documents/www/support.loc/support/vendor/laravel/framework/src/Illuminate/Pipeline/Pipeline.php(124): call_user_func_array(Array, Array)
#27 /home/andrey/Documents/www/support.loc/support/vendor/laravel/framework/src/Illuminate/Session/Middleware/StartSession.php(62): Illuminate\Pipeline\Pipeline->Illuminate\Pipeline\{closure}(Object(Illuminate\Http\Request))
#28 [internal function]: Illuminate\Session\Middleware\StartSession->handle(Object(Illuminate\Http\Request), Object(Closure))
#29 /home/andrey/Documents/www/support.loc/support/vendor/laravel/framework/src/Illuminate/Pipeline/Pipeline.php(124): call_user_func_array(Array, Array)
#30 /home/andrey/Documents/www/support.loc/support/vendor/laravel/framework/src/Illuminate/Cookie/Middleware/AddQueuedCookiesToResponse.php(37): Illuminate\Pipeline\Pipeline->Illuminate\Pipeline\{closure}(Object(Illuminate\Http\Request))
#31 [internal function]: Illuminate\Cookie\Middleware\AddQueuedCookiesToResponse->handle(Object(Illuminate\Http\Request), Object(Closure))
#32 /home/andrey/Documents/www/support.loc/support/vendor/laravel/framework/src/Illuminate/Pipeline/Pipeline.php(124): call_user_func_array(Array, Array)
#33 /home/andrey/Documents/www/support.loc/support/vendor/laravel/framework/src/Illuminate/Cookie/Middleware/EncryptCookies.php(59): Illuminate\Pipeline\Pipeline->Illuminate\Pipeline\{closure}(Object(Illuminate\Http\Request))
#34 [internal function]: Illuminate\Cookie\Middleware\EncryptCookies->handle(Object(Illuminate\Http\Request), Object(Closure))
#35 /home/andrey/Documents/www/support.loc/support/vendor/laravel/framework/src/Illuminate/Pipeline/Pipeline.php(124): call_user_func_array(Array, Array)
#36 /home/andrey/Documents/www/support.loc/support/vendor/laravel/framework/src/Illuminate/Foundation/Http/Middleware/CheckForMaintenanceMode.php(42): Illuminate\Pipeline\Pipeline->Illuminate\Pipeline\{closure}(Object(Illuminate\Http\Request))
#37 [internal function]: Illuminate\Foundation\Http\Middleware\CheckForMaintenanceMode->handle(Object(Illuminate\Http\Request), Object(Closure))
#38 /home/andrey/Documents/www/support.loc/support/vendor/laravel/framework/src/Illuminate/Pipeline/Pipeline.php(124): call_user_func_array(Array, Array)
#39 [internal function]: Illuminate\Pipeline\Pipeline->Illuminate\Pipeline\{closure}(Object(Illuminate\Http\Request))
#40 /home/andrey/Documents/www/support.loc/support/vendor/laravel/framework/src/Illuminate/Pipeline/Pipeline.php(103): call_user_func(Object(Closure), Object(Illuminate\Http\Request))
#41 /home/andrey/Documents/www/support.loc/support/vendor/laravel/framework/src/Illuminate/Foundation/Http/Kernel.php(122): Illuminate\Pipeline\Pipeline->then(Object(Closure))
#42 /home/andrey/Documents/www/support.loc/support/vendor/laravel/framework/src/Illuminate/Foundation/Http/Kernel.php(87): Illuminate\Foundation\Http\Kernel->sendRequestThroughRouter(Object(Illuminate\Http\Request))
#43 /home/andrey/Documents/www/support.loc/support/public/index.php(57): Illuminate\Foundation\Http\Kernel->handle(Object(Illuminate\Http\Request))
#44 {main}  
[2015-09-07 09:29:43] local.ERROR: exception 'ErrorException' with message 'file_put_contents(/home/andrey/Documents/www/support.loc/support/storage/framework/sessions/44cd88e12a9fc1bf29dcbb6d8dbaae3c592a5595): failed to open stream: Permission denied' in /home/andrey/Documents/www/support.loc/support/vendor/laravel/framework/src/Illuminate/Filesystem/Filesystem.php:81
Stack trace:
#0 [internal function]: Illuminate\Foundation\Bootstrap\HandleExceptions->handleError(2, 'file_put_conten...', '/home/andrey/Do...', 81, Array)
#1 /home/andrey/Documents/www/support.loc/support/vendor/laravel/framework/src/Illuminate/Filesystem/Filesystem.php(81): file_put_contents('/home/andrey/Do...', 'a:3:{s:6:"_toke...', 2)
#2 /home/andrey/Documents/www/support.loc/support/vendor/laravel/framework/src/Illuminate/Session/FileSessionHandler.php(71): Illuminate\Filesystem\Filesystem->put('/home/andrey/Do...', 'a:3:{s:6:"_toke...', true)
#3 /home/andrey/Documents/www/support.loc/support/vendor/laravel/framework/src/Illuminate/Session/Store.php(262): Illuminate\Session\FileSessionHandler->write('44cd88e12a9fc1b...', 'a:3:{s:6:"_toke...')
#4 /home/andrey/Documents/www/support.loc/support/vendor/laravel/framework/src/Illuminate/Session/Middleware/StartSession.php(88): Illuminate\Session\Store->save()
#5 /home/andrey/Documents/www/support.loc/support/vendor/laravel/framework/src/Illuminate/Foundation/Http/Kernel.php(145): Illuminate\Session\Middleware\StartSession->terminate(Object(Illuminate\Http\Request), Object(Illuminate\Http\Response))
#6 /home/andrey/Documents/www/support.loc/support/public/index.php(61): Illuminate\Foundation\Http\Kernel->terminate(Object(Illuminate\Http\Request), Object(Illuminate\Http\Response))
#7 {main}  
[2015-09-07 09:31:08] local.ERROR: exception 'ErrorException' with message 'file_put_contents(/home/andrey/Documents/www/support.loc/support/storage/framework/sessions/37a9a9a9b3c2f9b88d2aa893c78607a32f6840f0): failed to open stream: Permission denied' in /home/andrey/Documents/www/support.loc/support/vendor/laravel/framework/src/Illuminate/Filesystem/Filesystem.php:81
Stack trace:
#0 [internal function]: Illuminate\Foundation\Bootstrap\HandleExceptions->handleError(2, 'file_put_conten...', '/home/andrey/Do...', 81, Array)
#1 /home/andrey/Documents/www/support.loc/support/vendor/laravel/framework/src/Illuminate/Filesystem/Filesystem.php(81): file_put_contents('/home/andrey/Do...', 'a:4:{s:6:"_toke...', 2)
#2 /home/andrey/Documents/www/support.loc/support/vendor/laravel/framework/src/Illuminate/Session/FileSessionHandler.php(71): Illuminate\Filesystem\Filesystem->put('/home/andrey/Do...', 'a:4:{s:6:"_toke...', true)
#3 /home/andrey/Documents/www/support.loc/support/vendor/laravel/framework/src/Illuminate/Session/Store.php(262): Illuminate\Session\FileSessionHandler->write('37a9a9a9b3c2f9b...', 'a:4:{s:6:"_toke...')
#4 /home/andrey/Documents/www/support.loc/support/vendor/laravel/framework/src/Illuminate/Session/Middleware/StartSession.php(88): Illuminate\Session\Store->save()
#5 /home/andrey/Documents/www/support.loc/support/vendor/laravel/framework/src/Illuminate/Foundation/Http/Kernel.php(145): Illuminate\Session\Middleware\StartSession->terminate(Object(Illuminate\Http\Request), Object(Illuminate\Http\Response))
#6 /home/andrey/Documents/www/support.loc/support/public/index.php(61): Illuminate\Foundation\Http\Kernel->terminate(Object(Illuminate\Http\Request), Object(Illuminate\Http\Response))
#7 {main}  
